[2025-09-29 10:25:14:4628][restartedMain] DEBUG o.s.w.s.s.s.WebSocketHandlerMapping - Patterns [/chat/**, /adminchat/**] in 'stompWebSocketHandlerMapping'
[2025-09-29 10:25:14:4646][restartedMain] DEBUG o.s.w.s.s.s.WebSocketHandlerMapping - Patterns [/signal] in 'webSocketHandlerMapping'
[2025-09-29 10:25:14:4738][restartedMain] DEBUG o.s.w.s.m.m.a.RequestMappingHandlerMapping - 75 mappings in 'requestMappingHandlerMapping'
[2025-09-29 10:25:15:5136][restartedMain] DEBUG o.s.w.s.h.SimpleUrlHandlerMapping - Patterns [/webjars/**, /**, /imgs/**, /logs/**] in 'resourceHandlerMapping'
[2025-09-29 10:25:15:5236][restartedMain] DEBUG o.s.w.s.m.WebSocketAnnotationMethodMessageHandler - 
	e.s.c.AdminMsgController:
	{[MESSAGE],[/adminreceiveto]}: adminreceiveto(Msg,SimpMessageHeaderAccessor)
[2025-09-29 10:25:15:5237][restartedMain] DEBUG o.s.w.s.m.WebSocketAnnotationMethodMessageHandler - 
	e.s.c.ChartController:
	
[2025-09-29 10:25:15:5237][restartedMain] DEBUG o.s.w.s.m.WebSocketAnnotationMethodMessageHandler - 
	e.s.c.ChartRestController:
	
[2025-09-29 10:25:15:5237][restartedMain] DEBUG o.s.w.s.m.WebSocketAnnotationMethodMessageHandler - 
	e.s.c.ChatController:
	
[2025-09-29 10:25:15:5237][restartedMain] DEBUG o.s.w.s.m.WebSocketAnnotationMethodMessageHandler - 
	e.s.c.CustController:
	
[2025-09-29 10:25:15:5238][restartedMain] DEBUG o.s.w.s.m.WebSocketAnnotationMethodMessageHandler - 
	e.s.c.InquiryController:
	
[2025-09-29 10:25:15:5238][restartedMain] DEBUG o.s.w.s.m.WebSocketAnnotationMethodMessageHandler - 
	e.s.c.LoginController:
	
[2025-09-29 10:25:15:5238][restartedMain] DEBUG o.s.w.s.m.WebSocketAnnotationMethodMessageHandler - 
	e.s.c.MainController:
	
[2025-09-29 10:25:15:5238][restartedMain] DEBUG o.s.w.s.m.WebSocketAnnotationMethodMessageHandler - 
	e.s.c.MainRestController:
	
[2025-09-29 10:25:15:5238][restartedMain] DEBUG o.s.w.s.m.WebSocketAnnotationMethodMessageHandler - 
	e.s.c.MapController:
	
[2025-09-29 10:25:15:5238][restartedMain] DEBUG o.s.w.s.m.WebSocketAnnotationMethodMessageHandler - 
	e.s.c.MapRestController:
	
[2025-09-29 10:25:15:5239][restartedMain] DEBUG o.s.w.s.m.WebSocketAnnotationMethodMessageHandler - 
	e.s.c.MsgController:
	{[MESSAGE],[/receiveall]}: receiveall(Msg,SimpMessageHeaderAccessor)
	{[MESSAGE],[/receiveme]}: receiveme(Msg,SimpMessageHeaderAccessor)
	{[MESSAGE],[/receiveto]}: receiveto(Msg,SimpMessageHeaderAccessor)
[2025-09-29 10:25:15:5239][restartedMain] DEBUG o.s.w.s.m.WebSocketAnnotationMethodMessageHandler - 
	e.s.c.ProductController:
	
[2025-09-29 10:25:15:5239][restartedMain] DEBUG o.s.w.s.m.WebSocketAnnotationMethodMessageHandler - 
	e.s.c.WeatherController:
	
[2025-09-29 10:25:15:5239][restartedMain] DEBUG o.s.w.s.m.WebSocketAnnotationMethodMessageHandler - 
	o.s.b.a.w.s.e.BasicErrorController:
	
[2025-09-29 10:25:15:5293][restartedMain] DEBUG o.s.w.s.m.m.a.RequestMappingHandlerAdapter - ControllerAdvice beans: 0 @ModelAttribute, 0 @InitBinder, 1 RequestBodyAdvice, 1 ResponseBodyAdvice
[2025-09-29 10:25:15:5348][restartedMain] DEBUG o.s.w.s.m.m.a.ExceptionHandlerExceptionResolver - ControllerAdvice beans: 0 @ExceptionHandler, 1 ResponseBodyAdvice
[2025-09-29 10:25:15:5509][restartedMain] DEBUG o.springframework.web.SimpLogging - clientOutboundChannel added SubProtocolWebSocketHandler[StompSubProtocolHandler[v10.stomp, v11.stomp, v12.stomp]]
[2025-09-29 10:25:15:5510][restartedMain] DEBUG o.springframework.web.SimpLogging - clientInboundChannel added WebSocketAnnotationMethodMessageHandler[prefixes=[]]
[2025-09-29 10:25:15:5510][restartedMain] DEBUG o.springframework.web.SimpLogging - clientInboundChannel added SimpleBrokerMessageHandler [org.springframework.messaging.simp.broker.DefaultSubscriptionRegistry@6358c100]
[2025-09-29 10:25:15:5510][restartedMain] DEBUG o.springframework.web.SimpLogging - brokerChannel added SimpleBrokerMessageHandler [org.springframework.messaging.simp.broker.DefaultSubscriptionRegistry@6358c100]
[2025-09-29 10:25:15:5513][restartedMain] DEBUG o.springframework.web.SimpLogging - clientInboundChannel added UserDestinationMessageHandler[DefaultUserDestinationResolver[prefix=/user/]]
[2025-09-29 10:25:15:5513][restartedMain] DEBUG o.springframework.web.SimpLogging - brokerChannel added UserDestinationMessageHandler[DefaultUserDestinationResolver[prefix=/user/]]
[2025-09-29 10:25:53:43539][https-jsse-nio-8443-exec-1] INFO  o.s.web.servlet.DispatcherServlet - Initializing Servlet 'dispatcherServlet'
[2025-09-29 10:25:53:43539][https-jsse-nio-8443-exec-1] DEBUG o.s.web.servlet.DispatcherServlet - Detected StandardServletMultipartResolver
[2025-09-29 10:25:53:43539][https-jsse-nio-8443-exec-1] DEBUG o.s.web.servlet.DispatcherServlet - Detected AcceptHeaderLocaleResolver
[2025-09-29 10:25:53:43539][https-jsse-nio-8443-exec-1] DEBUG o.s.web.servlet.DispatcherServlet - Detected FixedThemeResolver
[2025-09-29 10:25:53:43540][https-jsse-nio-8443-exec-1] DEBUG o.s.web.servlet.DispatcherServlet - Detected org.springframework.web.servlet.view.DefaultRequestToViewNameTranslator@59417d59
[2025-09-29 10:25:53:43541][https-jsse-nio-8443-exec-1] DEBUG o.s.web.servlet.DispatcherServlet - Detected org.springframework.web.servlet.support.SessionFlashMapManager@7105b5bc
[2025-09-29 10:25:53:43541][https-jsse-nio-8443-exec-1] DEBUG o.s.web.servlet.DispatcherServlet - enableLoggingRequestDetails='false': request parameters and headers will be masked to prevent unsafe logging of potentially sensitive data
[2025-09-29 10:25:53:43541][https-jsse-nio-8443-exec-1] INFO  o.s.web.servlet.DispatcherServlet - Completed initialization in 2 ms
[2025-09-29 10:25:53:43575][https-jsse-nio-8443-exec-1] DEBUG o.s.web.servlet.DispatcherServlet - GET "/", parameters={}
[2025-09-29 10:25:53:43577][https-jsse-nio-8443-exec-1] DEBUG o.s.w.s.m.m.a.RequestMappingHandlerMapping - Mapped to edu.sm.controller.MainController#main(Model)
[2025-09-29 10:25:53:43606][https-jsse-nio-8443-exec-1] DEBUG o.s.w.s.v.ContentNegotiatingViewResolver - Selected 'text/html' given [text/html, application/xhtml+xml, image/avif, image/webp, image/apng, application/xml;q=0.9, */*;q=0.8, application/signed-exchange;v=b3;q=0.7]
[2025-09-29 10:25:53:43607][https-jsse-nio-8443-exec-1] DEBUG o.s.web.servlet.view.JstlView - View name [index], model {}
[2025-09-29 10:25:53:43611][https-jsse-nio-8443-exec-1] DEBUG o.s.web.servlet.view.JstlView - Forwarding to [/views/index.jsp]
[2025-09-29 10:25:54:44668][https-jsse-nio-8443-exec-1] DEBUG o.s.web.servlet.DispatcherServlet - Completed 200 OK
[2025-09-29 10:25:54:44685][https-jsse-nio-8443-exec-5] DEBUG o.s.web.servlet.DispatcherServlet - GET "/", parameters={}
[2025-09-29 10:25:54:44685][https-jsse-nio-8443-exec-5] DEBUG o.s.w.s.m.m.a.RequestMappingHandlerMapping - Mapped to edu.sm.controller.MainController#main(Model)
[2025-09-29 10:25:54:44686][https-jsse-nio-8443-exec-5] DEBUG o.s.w.s.v.ContentNegotiatingViewResolver - Selected 'text/html' given [text/html, application/xhtml+xml, image/avif, image/webp, image/apng, application/xml;q=0.9, */*;q=0.8, application/signed-exchange;v=b3;q=0.7]
[2025-09-29 10:25:54:44686][https-jsse-nio-8443-exec-5] DEBUG o.s.web.servlet.view.JstlView - View name [index], model {}
[2025-09-29 10:25:54:44686][https-jsse-nio-8443-exec-5] DEBUG o.s.web.servlet.view.JstlView - Forwarding to [/views/index.jsp]
[2025-09-29 10:25:54:44691][https-jsse-nio-8443-exec-5] DEBUG o.s.web.servlet.DispatcherServlet - Completed 200 OK
[2025-09-29 10:25:54:44723][https-jsse-nio-8443-exec-10] DEBUG o.s.web.servlet.DispatcherServlet - GET "/webjars/sockjs-client/sockjs.min.js", parameters={}
[2025-09-29 10:25:54:44725][https-jsse-nio-8443-exec-10] DEBUG o.s.w.s.h.SimpleUrlHandlerMapping - Mapped to ResourceHttpRequestHandler [classpath [META-INF/resources/webjars/]]
[2025-09-29 10:25:54:44745][https-jsse-nio-8443-exec-10] DEBUG o.s.web.servlet.DispatcherServlet - Completed 200 OK
[2025-09-29 10:25:54:44747][https-jsse-nio-8443-exec-5] DEBUG o.s.web.servlet.DispatcherServlet - GET "/webjars/stomp-websocket/stomp.min.js", parameters={}
[2025-09-29 10:25:54:44747][https-jsse-nio-8443-exec-5] DEBUG o.s.w.s.h.SimpleUrlHandlerMapping - Mapped to ResourceHttpRequestHandler [classpath [META-INF/resources/webjars/]]
[2025-09-29 10:25:54:44755][https-jsse-nio-8443-exec-5] DEBUG o.s.web.servlet.DispatcherServlet - Completed 200 OK
[2025-09-29 10:25:54:45015][https-jsse-nio-8443-exec-7] DEBUG o.s.web.servlet.DispatcherServlet - GET "/favicon.ico", parameters={}
[2025-09-29 10:25:54:45016][https-jsse-nio-8443-exec-7] DEBUG o.s.w.s.h.SimpleUrlHandlerMapping - Mapped to ResourceHttpRequestHandler [classpath [META-INF/resources/], classpath [resources/], classpath [static/], classpath [public/], ServletContext [/]]
[2025-09-29 10:25:54:45020][https-jsse-nio-8443-exec-7] DEBUG o.s.w.s.r.ResourceHttpRequestHandler - Resource not found
[2025-09-29 10:25:54:45025][https-jsse-nio-8443-exec-7] DEBUG o.s.w.s.m.s.DefaultHandlerExceptionResolver - Resolved [org.springframework.web.servlet.resource.NoResourceFoundException: No static resource favicon.ico.]
[2025-09-29 10:25:54:45025][https-jsse-nio-8443-exec-7] DEBUG o.s.web.servlet.DispatcherServlet - Completed 404 NOT_FOUND
[2025-09-29 10:25:54:45027][https-jsse-nio-8443-exec-7] DEBUG o.s.web.servlet.DispatcherServlet - "ERROR" dispatch for GET "/error", parameters={}
[2025-09-29 10:25:54:45028][https-jsse-nio-8443-exec-7] DEBUG o.s.w.s.m.m.a.RequestMappingHandlerMapping - Mapped to org.springframework.boot.autoconfigure.web.servlet.error.BasicErrorController#error(HttpServletRequest)
[2025-09-29 10:25:54:45055][https-jsse-nio-8443-exec-7] DEBUG o.s.w.s.m.m.a.HttpEntityMethodProcessor - Using 'application/json;q=0.8', given [image/avif, image/webp, image/apng, image/svg+xml, image/*, */*;q=0.8] and supported [application/json, application/*+json]
[2025-09-29 10:25:54:45060][https-jsse-nio-8443-exec-7] DEBUG o.s.w.s.m.m.a.HttpEntityMethodProcessor - Writing [{timestamp=Mon Sep 29 10:25:54 KST 2025, status=404, error=Not Found, trace=org.springframework.web. (truncated)...]
[2025-09-29 10:25:55:45111][https-jsse-nio-8443-exec-7] DEBUG o.s.web.servlet.DispatcherServlet - Exiting from "ERROR" dispatch, status 404
[2025-09-29 10:26:15:65521][MessageBroker-1] INFO  o.s.w.s.c.WebSocketMessageBrokerStats - WebSocketSession[0 current WS(0)-HttpStream(0)-HttpPoll(0), 0 total, 0 closed abnormally (0 connect failure, 0 send limit, 0 transport error)], stompSubProtocol[processed CONNECT(0)-CONNECTED(0)-DISCONNECT(0)], stompBrokerRelay[null], inboundChannel[pool size = 0, active threads = 0, queued tasks = 0, completed tasks = 0], outboundChannel[pool size = 0, active threads = 0, queued tasks = 0, completed tasks = 0], sockJsScheduler[pool size = 1, active threads = 1, queued tasks = 0, completed tasks = 0]
